<?xml version="1.0" encoding="UTF-8"?>
<testsuite name="com.example.account.AccountApplicationTests" tests="1" skipped="0" failures="0" errors="0" timestamp="2023-01-31T00:48:39" hostname="bagbongchan-ui-MacBookPro.local" time="0.234">
  <properties/>
  <testcase name="contextLoads()" classname="com.example.account.AccountApplicationTests" time="0.234"/>
  <system-out><![CDATA[09:48:30.248 [Test worker] DEBUG org.springframework.test.context.BootstrapUtils - Instantiating CacheAwareContextLoaderDelegate from class [org.springframework.test.context.cache.DefaultCacheAwareContextLoaderDelegate]
09:48:30.262 [Test worker] DEBUG org.springframework.test.context.BootstrapUtils - Instantiating BootstrapContext using constructor [public org.springframework.test.context.support.DefaultBootstrapContext(java.lang.Class,org.springframework.test.context.CacheAwareContextLoaderDelegate)]
09:48:30.324 [Test worker] DEBUG org.springframework.test.context.BootstrapUtils - Instantiating TestContextBootstrapper for test class [com.example.account.AccountApplicationTests] from class [org.springframework.boot.test.context.SpringBootTestContextBootstrapper]
09:48:30.339 [Test worker] INFO org.springframework.boot.test.context.SpringBootTestContextBootstrapper - Neither @ContextConfiguration nor @ContextHierarchy found for test class [com.example.account.AccountApplicationTests], using SpringBootContextLoader
09:48:30.342 [Test worker] DEBUG org.springframework.test.context.support.AbstractContextLoader - Did not detect default resource location for test class [com.example.account.AccountApplicationTests]: class path resource [com/example/account/AccountApplicationTests-context.xml] does not exist
09:48:30.343 [Test worker] DEBUG org.springframework.test.context.support.AbstractContextLoader - Did not detect default resource location for test class [com.example.account.AccountApplicationTests]: class path resource [com/example/account/AccountApplicationTestsContext.groovy] does not exist
09:48:30.343 [Test worker] INFO org.springframework.test.context.support.AbstractContextLoader - Could not detect default resource locations for test class [com.example.account.AccountApplicationTests]: no resource found for suffixes {-context.xml, Context.groovy}.
09:48:30.344 [Test worker] INFO org.springframework.test.context.support.AnnotationConfigContextLoaderUtils - Could not detect default configuration classes for test class [com.example.account.AccountApplicationTests]: AccountApplicationTests does not declare any static, non-private, non-final, nested classes annotated with @Configuration.
09:48:30.426 [Test worker] DEBUG org.springframework.test.context.support.ActiveProfilesUtils - Could not find an 'annotation declaring class' for annotation type [org.springframework.test.context.ActiveProfiles] and class [com.example.account.AccountApplicationTests]
09:48:30.536 [Test worker] DEBUG org.springframework.context.annotation.ClassPathScanningCandidateComponentProvider - Identified candidate component class: file [/Users/maccutter/Desktop/Spring강의/Account/build/classes/java/main/com/example/account/AccountApplication.class]
09:48:30.538 [Test worker] INFO org.springframework.boot.test.context.SpringBootTestContextBootstrapper - Found @SpringBootConfiguration com.example.account.AccountApplication for test class com.example.account.AccountApplicationTests
09:48:30.657 [Test worker] DEBUG org.springframework.boot.test.context.SpringBootTestContextBootstrapper - @TestExecutionListeners is not present for class [com.example.account.AccountApplicationTests]: using defaults.
09:48:30.658 [Test worker] INFO org.springframework.boot.test.context.SpringBootTestContextBootstrapper - Loaded default TestExecutionListener class names from location [META-INF/spring.factories]: [org.springframework.boot.test.autoconfigure.restdocs.RestDocsTestExecutionListener, org.springframework.boot.test.autoconfigure.web.client.MockRestServiceServerResetTestExecutionListener, org.springframework.boot.test.autoconfigure.web.servlet.MockMvcPrintOnlyOnFailureTestExecutionListener, org.springframework.boot.test.autoconfigure.web.servlet.WebDriverTestExecutionListener, org.springframework.boot.test.autoconfigure.webservices.client.MockWebServiceServerTestExecutionListener, org.springframework.boot.test.mock.mockito.MockitoTestExecutionListener, org.springframework.boot.test.mock.mockito.ResetMocksTestExecutionListener, org.springframework.test.context.web.ServletTestExecutionListener, org.springframework.test.context.support.DirtiesContextBeforeModesTestExecutionListener, org.springframework.test.context.event.ApplicationEventsTestExecutionListener, org.springframework.test.context.support.DependencyInjectionTestExecutionListener, org.springframework.test.context.support.DirtiesContextTestExecutionListener, org.springframework.test.context.transaction.TransactionalTestExecutionListener, org.springframework.test.context.jdbc.SqlScriptsTestExecutionListener, org.springframework.test.context.event.EventPublishingTestExecutionListener]
09:48:30.672 [Test worker] INFO org.springframework.boot.test.context.SpringBootTestContextBootstrapper - Using TestExecutionListeners: [org.springframework.test.context.web.ServletTestExecutionListener@5ef0d29e, org.springframework.test.context.support.DirtiesContextBeforeModesTestExecutionListener@38f57b3d, org.springframework.test.context.event.ApplicationEventsTestExecutionListener@51850751, org.springframework.boot.test.mock.mockito.MockitoTestExecutionListener@3ce3db41, org.springframework.boot.test.autoconfigure.SpringBootDependencyInjectionTestExecutionListener@64df9a61, org.springframework.test.context.support.DirtiesContextTestExecutionListener@77602954, org.springframework.test.context.transaction.TransactionalTestExecutionListener@e260766, org.springframework.test.context.jdbc.SqlScriptsTestExecutionListener@2c3dec30, org.springframework.test.context.event.EventPublishingTestExecutionListener@34a97744, org.springframework.boot.test.autoconfigure.restdocs.RestDocsTestExecutionListener@4275c20c, org.springframework.boot.test.autoconfigure.web.client.MockRestServiceServerResetTestExecutionListener@7c56e013, org.springframework.boot.test.autoconfigure.web.servlet.MockMvcPrintOnlyOnFailureTestExecutionListener@3fc9dfc5, org.springframework.boot.test.autoconfigure.web.servlet.WebDriverTestExecutionListener@40258c2f, org.springframework.boot.test.autoconfigure.webservices.client.MockWebServiceServerTestExecutionListener@2cac4385, org.springframework.boot.test.mock.mockito.ResetMocksTestExecutionListener@6731787b]
09:48:30.676 [Test worker] DEBUG org.springframework.test.context.support.AbstractDirtiesContextTestExecutionListener - Before test class: context [DefaultTestContext@533377b testClass = AccountApplicationTests, testInstance = [null], testMethod = [null], testException = [null], mergedContextConfiguration = [WebMergedContextConfiguration@3383649e testClass = AccountApplicationTests, locations = '{}', classes = '{class com.example.account.AccountApplication}', contextInitializerClasses = '[]', activeProfiles = '{}', propertySourceLocations = '{}', propertySourceProperties = '{org.springframework.boot.test.context.SpringBootTestContextBootstrapper=true}', contextCustomizers = set[org.springframework.boot.test.autoconfigure.actuate.metrics.MetricsExportContextCustomizerFactory$DisableMetricExportContextCustomizer@2e6a5539, org.springframework.boot.test.autoconfigure.properties.PropertyMappingContextCustomizer@0, org.springframework.boot.test.autoconfigure.web.servlet.WebDriverContextCustomizerFactory$Customizer@7f132176, org.springframework.boot.test.context.filter.ExcludeFilterContextCustomizer@6ed3f258, org.springframework.boot.test.json.DuplicateJsonObjectContextCustomizerFactory$DuplicateJsonObjectContextCustomizer@bcef303, org.springframework.boot.test.mock.mockito.MockitoContextCustomizer@0, org.springframework.boot.test.web.client.TestRestTemplateContextCustomizer@24111ef1, org.springframework.boot.test.context.SpringBootTestArgs@1, org.springframework.boot.test.context.SpringBootTestWebEnvironment@3e96bacf], resourceBasePath = 'src/main/webapp', contextLoader = 'org.springframework.boot.test.context.SpringBootContextLoader', parent = [null]], attributes = map['org.springframework.test.context.web.ServletTestExecutionListener.activateListener' -> true]], class annotated with @DirtiesContext [false] with mode [null].

  .   ____          _            __ _ _
 /\\ / ___'_ __ _ _(_)_ __  __ _ \ \ \ \
( ( )\___ | '_ | '_| | '_ \/ _` | \ \ \ \
 \\/  ___)| |_)| | | | | || (_| |  ) ) ) )
  '  |____| .__|_| |_|_| |_\__, | / / / /
 =========|_|==============|___/=/_/_/_/
 :: Spring Boot ::                (v2.7.7)

2023-01-31 09:48:31.283  INFO 1229 --- [    Test worker] c.e.account.AccountApplicationTests      : Starting AccountApplicationTests using Java 17.0.2 on bagbongchan-ui-MacBookPro.local with PID 1229 (started by maccutter in /Users/maccutter/Desktop/Spring강의/Account)
2023-01-31 09:48:31.285  INFO 1229 --- [    Test worker] c.e.account.AccountApplicationTests      : No active profile set, falling back to 1 default profile: "default"
2023-01-31 09:48:32.676  INFO 1229 --- [    Test worker] .s.d.r.c.RepositoryConfigurationDelegate : Bootstrapping Spring Data JPA repositories in DEFAULT mode.
2023-01-31 09:48:32.991  INFO 1229 --- [    Test worker] .s.d.r.c.RepositoryConfigurationDelegate : Finished Spring Data repository scanning in 307 ms. Found 3 JPA repository interfaces.
2023-01-31 09:48:34.260  INFO 1229 --- [    Test worker] o.hibernate.jpa.internal.util.LogHelper  : HHH000204: Processing PersistenceUnitInfo [name: default]
2023-01-31 09:48:34.313  INFO 1229 --- [    Test worker] org.hibernate.Version                    : HHH000412: Hibernate ORM core version 5.6.14.Final
2023-01-31 09:48:34.483  INFO 1229 --- [    Test worker] o.hibernate.annotations.common.Version   : HCANN000001: Hibernate Commons Annotations {5.1.2.Final}
2023-01-31 09:48:34.601  INFO 1229 --- [    Test worker] com.zaxxer.hikari.HikariDataSource       : HikariPool-1 - Starting...
2023-01-31 09:48:34.798  INFO 1229 --- [    Test worker] com.zaxxer.hikari.HikariDataSource       : HikariPool-1 - Start completed.
2023-01-31 09:48:34.816  INFO 1229 --- [    Test worker] org.hibernate.dialect.Dialect            : HHH000400: Using dialect: org.hibernate.dialect.H2Dialect
Hibernate: 
    
    drop table if exists account CASCADE 
Hibernate: 
    
    drop table if exists account_user CASCADE 
Hibernate: 
    
    drop table if exists transaction CASCADE 
Hibernate: 
    
    drop sequence if exists hibernate_sequence
Hibernate: create sequence hibernate_sequence start with 1 increment by 1
Hibernate: 
    
    create table account (
       id bigint not null,
        created_at timestamp,
        updated_at timestamp,
        account_number varchar(255),
        account_status varchar(255),
        balance bigint,
        registered_at timestamp,
        un_registered_at timestamp,
        account_user_id bigint,
        primary key (id)
    )
Hibernate: 
    
    create table account_user (
       id bigint not null,
        created_at timestamp,
        updated_at timestamp,
        name varchar(255),
        primary key (id)
    )
Hibernate: 
    
    create table transaction (
       id bigint not null,
        created_at timestamp,
        updated_at timestamp,
        amount bigint,
        balance_snapshot bigint,
        transacted_at timestamp,
        transaction_id varchar(255),
        transaction_result_type varchar(255),
        transaction_type varchar(255),
        account_id bigint,
        primary key (id)
    )
Hibernate: 
    
    alter table account 
       add constraint FKgao17rutsgwjob4c0a0ry5ron 
       foreign key (account_user_id) 
       references account_user
Hibernate: 
    
    alter table transaction 
       add constraint FK6g20fcr3bhr6bihgy24rq1r1b 
       foreign key (account_id) 
       references account
2023-01-31 09:48:35.818  INFO 1229 --- [    Test worker] o.h.e.t.j.p.i.JtaPlatformInitiator       : HHH000490: Using JtaPlatform implementation: [org.hibernate.engine.transaction.jta.platform.internal.NoJtaPlatform]
2023-01-31 09:48:35.827  INFO 1229 --- [    Test worker] j.LocalContainerEntityManagerFactoryBean : Initialized JPA EntityManagerFactory for persistence unit 'default'
2023-01-31 09:48:37.528  INFO 1229 --- [    Test worker] org.redisson.Version                     : Redisson 3.17.1
2023-01-31 09:48:37.545  WARN 1229 --- [    Test worker] i.n.r.d.DnsServerAddressStreamProviders  : Can not find io.netty.resolver.dns.macos.MacOSDnsServerAddressStreamProvider in the classpath, fallback to system defaults. This may result in incorrect DNS resolutions on MacOS. Check whether you have a dependency on 'io.netty:netty-resolver-dns-native-macos'
2023-01-31 09:48:37.777  INFO 1229 --- [isson-netty-2-8] o.r.c.pool.MasterPubSubConnectionPool    : 1 connections initialized for 127.0.0.1/127.0.0.1:6379
2023-01-31 09:48:37.859  INFO 1229 --- [sson-netty-2-19] o.r.c.pool.MasterConnectionPool          : 24 connections initialized for 127.0.0.1/127.0.0.1:6379
2023-01-31 09:48:39.058  INFO 1229 --- [    Test worker] o.s.b.a.h2.H2ConsoleAutoConfiguration    : H2 console available at '/h2-console'. Database available at 'jdbc:h2:mem:test'
2023-01-31 09:48:39.818  INFO 1229 --- [    Test worker] c.e.account.AccountApplicationTests      : Started AccountApplicationTests in 9.053 seconds (JVM running for 10.924)
]]></system-out>
  <system-err><![CDATA[]]></system-err>
</testsuite>
