<?xml version="1.0" encoding="UTF-8"?>
<testsuite name="com.example.account.controller.AccountControllerTest" tests="5" skipped="0" failures="0" errors="0" timestamp="2023-01-31T00:48:41" hostname="bagbongchan-ui-MacBookPro.local" time="0.654">
  <properties/>
  <testcase name="successCreateAccount()" classname="com.example.account.controller.AccountControllerTest" time="0.408"/>
  <testcase name="successGetAccountByUserId()" classname="com.example.account.controller.AccountControllerTest" time="0.054"/>
  <testcase name="failGetAccount()" classname="com.example.account.controller.AccountControllerTest" time="0.042"/>
  <testcase name="successDeleteAccount()" classname="com.example.account.controller.AccountControllerTest" time="0.088"/>
  <testcase name="successGetAccount()" classname="com.example.account.controller.AccountControllerTest" time="0.043"/>
  <system-out><![CDATA[2023-01-31 09:48:40.120  INFO 1229 --- [    Test worker] .b.t.a.w.s.WebMvcTestContextBootstrapper : Neither @ContextConfiguration nor @ContextHierarchy found for test class [com.example.account.controller.AccountControllerTest], using SpringBootContextLoader
2023-01-31 09:48:40.121  INFO 1229 --- [    Test worker] o.s.t.c.support.AbstractContextLoader    : Could not detect default resource locations for test class [com.example.account.controller.AccountControllerTest]: no resource found for suffixes {-context.xml, Context.groovy}.
2023-01-31 09:48:40.123  INFO 1229 --- [    Test worker] t.c.s.AnnotationConfigContextLoaderUtils : Could not detect default configuration classes for test class [com.example.account.controller.AccountControllerTest]: AccountControllerTest does not declare any static, non-private, non-final, nested classes annotated with @Configuration.
2023-01-31 09:48:40.190  INFO 1229 --- [    Test worker] .b.t.c.SpringBootTestContextBootstrapper : Found @SpringBootConfiguration com.example.account.AccountApplication for test class com.example.account.controller.AccountControllerTest
2023-01-31 09:48:40.193  INFO 1229 --- [    Test worker] .b.t.a.w.s.WebMvcTestContextBootstrapper : Loaded default TestExecutionListener class names from location [META-INF/spring.factories]: [org.springframework.boot.test.autoconfigure.restdocs.RestDocsTestExecutionListener, org.springframework.boot.test.autoconfigure.web.client.MockRestServiceServerResetTestExecutionListener, org.springframework.boot.test.autoconfigure.web.servlet.MockMvcPrintOnlyOnFailureTestExecutionListener, org.springframework.boot.test.autoconfigure.web.servlet.WebDriverTestExecutionListener, org.springframework.boot.test.autoconfigure.webservices.client.MockWebServiceServerTestExecutionListener, org.springframework.boot.test.mock.mockito.MockitoTestExecutionListener, org.springframework.boot.test.mock.mockito.ResetMocksTestExecutionListener, org.springframework.test.context.web.ServletTestExecutionListener, org.springframework.test.context.support.DirtiesContextBeforeModesTestExecutionListener, org.springframework.test.context.event.ApplicationEventsTestExecutionListener, org.springframework.test.context.support.DependencyInjectionTestExecutionListener, org.springframework.test.context.support.DirtiesContextTestExecutionListener, org.springframework.test.context.transaction.TransactionalTestExecutionListener, org.springframework.test.context.jdbc.SqlScriptsTestExecutionListener, org.springframework.test.context.event.EventPublishingTestExecutionListener]
2023-01-31 09:48:40.194  INFO 1229 --- [    Test worker] .b.t.a.w.s.WebMvcTestContextBootstrapper : Using TestExecutionListeners: [org.springframework.test.context.web.ServletTestExecutionListener@7b381066, org.springframework.test.context.support.DirtiesContextBeforeModesTestExecutionListener@12ff3df, org.springframework.test.context.event.ApplicationEventsTestExecutionListener@12b962b1, org.springframework.boot.test.mock.mockito.MockitoTestExecutionListener@15844237, org.springframework.boot.test.autoconfigure.SpringBootDependencyInjectionTestExecutionListener@2e04dbc1, org.springframework.test.context.support.DirtiesContextTestExecutionListener@50cb64d5, org.springframework.test.context.transaction.TransactionalTestExecutionListener@9be2897, org.springframework.test.context.jdbc.SqlScriptsTestExecutionListener@3e1c566d, org.springframework.test.context.event.EventPublishingTestExecutionListener@36ce48bc, org.springframework.boot.test.autoconfigure.restdocs.RestDocsTestExecutionListener@3d287f7c, org.springframework.boot.test.autoconfigure.web.client.MockRestServiceServerResetTestExecutionListener@45aa02de, org.springframework.boot.test.autoconfigure.web.servlet.MockMvcPrintOnlyOnFailureTestExecutionListener@19598b38, org.springframework.boot.test.autoconfigure.web.servlet.WebDriverTestExecutionListener@5d16bb07, org.springframework.boot.test.autoconfigure.webservices.client.MockWebServiceServerTestExecutionListener@233bfc46, org.springframework.boot.test.mock.mockito.ResetMocksTestExecutionListener@3612a60d]

  .   ____          _            __ _ _
 /\\ / ___'_ __ _ _(_)_ __  __ _ \ \ \ \
( ( )\___ | '_ | '_| | '_ \/ _` | \ \ \ \
 \\/  ___)| |_)| | | | | || (_| |  ) ) ) )
  '  |____| .__|_| |_|_| |_\__, | / / / /
 =========|_|==============|___/=/_/_/_/
 :: Spring Boot ::                (v2.7.7)

2023-01-31 09:48:40.304  INFO 1229 --- [    Test worker] c.e.a.controller.AccountControllerTest   : Starting AccountControllerTest using Java 17.0.2 on bagbongchan-ui-MacBookPro.local with PID 1229 (started by maccutter in /Users/maccutter/Desktop/Spring강의/Account)
2023-01-31 09:48:40.305  INFO 1229 --- [    Test worker] c.e.a.controller.AccountControllerTest   : No active profile set, falling back to 1 default profile: "default"
2023-01-31 09:48:41.244  INFO 1229 --- [    Test worker] o.s.b.t.m.w.SpringBootMockServletContext : Initializing Spring TestDispatcherServlet ''
2023-01-31 09:48:41.245  INFO 1229 --- [    Test worker] o.s.t.web.servlet.TestDispatcherServlet  : Initializing Servlet ''
2023-01-31 09:48:41.247  INFO 1229 --- [    Test worker] o.s.t.web.servlet.TestDispatcherServlet  : Completed initialization in 2 ms
2023-01-31 09:48:41.270  INFO 1229 --- [    Test worker] c.e.a.controller.AccountControllerTest   : Started AccountControllerTest in 1.071 seconds (JVM running for 12.375)

MockHttpServletRequest:
      HTTP Method = POST
      Request URI = /account
       Parameters = {}
          Headers = [Content-Type:"application/json;charset=UTF-8", Content-Length:"33"]
             Body = {"userId":1,"initialBalance":100}
    Session Attrs = {}

Handler:
             Type = com.example.account.controller.AccountController
           Method = com.example.account.controller.AccountController#createAccount(Request)

Async:
    Async started = false
     Async result = null

Resolved Exception:
             Type = null

ModelAndView:
        View name = null
             View = null
            Model = null

FlashMap:
       Attributes = null

MockHttpServletResponse:
           Status = 200
    Error message = null
          Headers = [Content-Type:"application/json"]
     Content type = application/json
             Body = {"userId":1,"accountNumber":"1234567890","registeredAt":"2023-01-31T09:48:41.310125"}
    Forwarded URL = null
   Redirected URL = null
          Cookies = []

MockHttpServletRequest:
      HTTP Method = GET
      Request URI = /account
       Parameters = {user_id=[1]}
          Headers = []
             Body = null
    Session Attrs = {}

Handler:
             Type = com.example.account.controller.AccountController
           Method = com.example.account.controller.AccountController#getAccountsByUserId(Long)

Async:
    Async started = false
     Async result = null

Resolved Exception:
             Type = null

ModelAndView:
        View name = null
             View = null
            Model = null

FlashMap:
       Attributes = null

MockHttpServletResponse:
           Status = 200
    Error message = null
          Headers = [Content-Type:"application/json"]
     Content type = application/json
             Body = [{"accountNumber":"1234567890","balance":1000},{"accountNumber":"1111111111","balance":2000},{"accountNumber":"2222222222","balance":3000}]
    Forwarded URL = null
   Redirected URL = null
          Cookies = []
2023-01-31 09:48:41.771 ERROR 1229 --- [    Test worker] c.e.a.exception.GlobalExceptionHandler   : ACCOUNT_NOT_FOUND is occurred.

MockHttpServletRequest:
      HTTP Method = GET
      Request URI = /account/876
       Parameters = {}
          Headers = []
             Body = null
    Session Attrs = {}

Handler:
             Type = com.example.account.controller.AccountController
           Method = com.example.account.controller.AccountController#getAccount(Long)

Async:
    Async started = false
     Async result = null

Resolved Exception:
             Type = com.example.account.exception.AccountException

ModelAndView:
        View name = null
             View = null
            Model = null

FlashMap:
       Attributes = null

MockHttpServletResponse:
           Status = 200
    Error message = null
          Headers = [Content-Type:"application/json"]
     Content type = application/json
             Body = {"errorCode":"ACCOUNT_NOT_FOUND","errorMessage":"계좌가 없습니다."}
    Forwarded URL = null
   Redirected URL = null
          Cookies = []

MockHttpServletRequest:
      HTTP Method = DELETE
      Request URI = /account
       Parameters = {}
          Headers = [Content-Type:"application/json;charset=UTF-8", Content-Length:"44"]
             Body = {"userId":3333,"accountNumber":"0987654321"}
    Session Attrs = {}

Handler:
             Type = com.example.account.controller.AccountController
           Method = com.example.account.controller.AccountController#deleteAccount(Request)

Async:
    Async started = false
     Async result = null

Resolved Exception:
             Type = null

ModelAndView:
        View name = null
             View = null
            Model = null

FlashMap:
       Attributes = null

MockHttpServletResponse:
           Status = 200
    Error message = null
          Headers = [Content-Type:"application/json"]
     Content type = application/json
             Body = {"userId":1,"accountNumber":"1234567890","unRegisteredAt":"2023-01-31T09:48:41.814836"}
    Forwarded URL = null
   Redirected URL = null
          Cookies = []

MockHttpServletRequest:
      HTTP Method = GET
      Request URI = /account/876
       Parameters = {}
          Headers = []
             Body = null
    Session Attrs = {}

Handler:
             Type = com.example.account.controller.AccountController
           Method = com.example.account.controller.AccountController#getAccount(Long)

Async:
    Async started = false
     Async result = null

Resolved Exception:
             Type = null

ModelAndView:
        View name = null
             View = null
            Model = null

FlashMap:
       Attributes = null

MockHttpServletResponse:
           Status = 200
    Error message = null
          Headers = [Content-Type:"application/json"]
     Content type = application/json
             Body = {"id":null,"createdAt":null,"updatedAt":null,"accountUser":null,"accountNumber":"3456","accountStatus":"IN_USE","balance":null,"registeredAt":null,"unRegisteredAt":null}
    Forwarded URL = null
   Redirected URL = null
          Cookies = []
]]></system-out>
  <system-err><![CDATA[]]></system-err>
</testsuite>
