<?xml version="1.0" encoding="UTF-8"?>
<testsuite name="com.example.account.service.LockServiceTest" tests="2" skipped="0" failures="0" errors="0" timestamp="2023-01-31T00:48:46" hostname="bagbongchan-ui-MacBookPro.local" time="0.314">
  <properties/>
  <testcase name="failGetLock()" classname="com.example.account.service.LockServiceTest" time="0.299"/>
  <testcase name="successGetLock()" classname="com.example.account.service.LockServiceTest" time="0.009"/>
  <system-out><![CDATA[2023-01-31 09:48:46.959 ERROR 1229 --- [    Test worker] com.example.account.service.LockService  : ======Lock acquisition failed======
]]></system-out>
  <system-err><![CDATA[]]></system-err>
</testsuite>
